  main.cpp
D:\Study\Bachelor\2022Spring\Software Architecture\Mid-Term\All the Libraries\ControllerLibrary\ControllerLibrary.h(5,1): warning C4005: 'CONTROLLERLIBRARY_EXPORTS': macro redefinition
D:\Study\Bachelor\2022Spring\Software Architecture\Mid-Term\All the Libraries\ControllerLibrary\ControllerLibrary.h(3): message : see previous definition of 'CONTROLLERLIBRARY_EXPORTS'
D:\Study\Bachelor\2022Spring\Software Architecture\Mid-Term\All the Libraries\ConverterLibrary\ConverterLibrary.h(5,1): warning C4005: 'CONVERTERLIBRARY_EXPORTS': macro redefinition
D:\Study\Bachelor\2022Spring\Software Architecture\Mid-Term\All the Libraries\ConverterLibrary\ConverterLibrary.h(3): message : see previous definition of 'CONVERTERLIBRARY_EXPORTS'
D:\Study\Bachelor\2022Spring\Software Architecture\Mid-Term\All the Libraries\CoreLibrary\CoreLibrary.h(5,1): warning C4005: 'CORELIBRARY_EXPORTS': macro redefinition
D:\Study\Bachelor\2022Spring\Software Architecture\Mid-Term\All the Libraries\CoreLibrary\CoreLibrary.h(3): message : see previous definition of 'CORELIBRARY_EXPORTS'
D:\Study\Bachelor\2022Spring\Software Architecture\Mid-Term\All the Libraries\ExtensionLibrary\ExtensionLibrary.h(5,1): warning C4005: 'EXTENSIONLIBRARY_EXPORTS': macro redefinition
D:\Study\Bachelor\2022Spring\Software Architecture\Mid-Term\All the Libraries\ExtensionLibrary\ExtensionLibrary.h(3): message : see previous definition of 'EXTENSIONLIBRARY_EXPORTS'
D:\Study\Bachelor\2022Spring\Software Architecture\Mid-Term\All the Libraries\UILibrary\UILibrary.h(5,1): warning C4005: 'UILIBRARY_EXPORTS': macro redefinition
D:\Study\Bachelor\2022Spring\Software Architecture\Mid-Term\All the Libraries\UILibrary\UILibrary.h(3): message : see previous definition of 'UILIBRARY_EXPORTS'
D:\Study\Bachelor\2022Spring\Software Architecture\Mid-Term\All the Libraries\NetworkingLibrary\NetworkingLibrary.h(5,1): warning C4005: 'NETWORKINGLIBRARY_EXPORTS': macro redefinition
D:\Study\Bachelor\2022Spring\Software Architecture\Mid-Term\All the Libraries\NetworkingLibrary\NetworkingLibrary.h(3): message : see previous definition of 'NETWORKINGLIBRARY_EXPORTS'
main.obj : error LNK2019: unresolved external symbol "void __cdecl SetUserName(class std::basic_string<char,struct std::char_traits<char>,class std::allocator<char> >)" (?SetUserName@@YAXV?$basic_string@DU?$char_traits@D@std@@V?$allocator@D@2@@std@@@Z) referenced in function _main
    Hint on symbols that are defined and could potentially match:
      "public: void __thiscall MUser::SetUserName(class std::basic_string<char,struct std::char_traits<char>,class std::allocator<char> >)" (?SetUserName@MUser@@QAEXV?$basic_string@DU?$char_traits@D@std@@V?$allocator@D@2@@std@@@Z)
main.obj : error LNK2019: unresolved external symbol "void __cdecl Rent_A_Dog(int)" (?Rent_A_Dog@@YAXH@Z) referenced in function _main
main.obj : error LNK2019: unresolved external symbol "class std::basic_string<char,struct std::char_traits<char>,class std::allocator<char> > __cdecl UTCToLocal(class std::basic_string<char,struct std::char_traits<char>,class std::allocator<char> >)" (?UTCToLocal@@YA?AV?$basic_string@DU?$char_traits@D@std@@V?$allocator@D@2@@std@@V12@@Z) referenced in function _main
main.obj : error LNK2019: unresolved external symbol "void __cdecl NetworkingConnection(void)" (?NetworkingConnection@@YAXXZ) referenced in function _main
main.obj : error LNK2019: unresolved external symbol "bool __cdecl IsRomanLetter(char)" (?IsRomanLetter@@YA_ND@Z) referenced in function _main
main.obj : error LNK2019: unresolved external symbol "void __cdecl CreateForm(void)" (?CreateForm@@YAXXZ) referenced in function _main
main.obj : error LNK2019: unresolved external symbol "void __cdecl Networking_Library(class std::basic_string<char,struct std::char_traits<char>,class std::allocator<char> >,int)" (?Networking_Library@@YAXV?$basic_string@DU?$char_traits@D@std@@V?$allocator@D@2@@std@@H@Z) referenced in function _main
D:\Study\Bachelor\2022Spring\Software Architecture\Mid-Term\All the Libraries\Project1\Debug\Project1.exe : fatal error LNK1120: 7 unresolved externals
